<?xml version="1.0" encoding="UTF-8"?>
<robot generator="Robot 4.0.3 (Python 3.9.5 on win32)" generated="20210616 16:27:42.490" rpa="false" schemaversion="2">
<suite id="s1" name="Variables" source="C:\Users\Yuri\Desktop\TreinamentoRobot\variables">
<suite id="s1-s1" name="Teste Variaveis" source="C:\Users\Yuri\Desktop\TreinamentoRobot\variables\teste_variaveis.robot">
<test id="s1-s1-t1" name="Meu teste de impressão de mensagem no terminal">
<kw name="Logar no meu terminal uma mensagem">
<kw name="Log To Console" library="BuiltIn">
<arg>${\n}</arg>
<doc>Logs the given message to the console.</doc>
<status status="PASS" starttime="20210616 16:27:42.545" endtime="20210616 16:27:42.547"/>
</kw>
<kw name="Log To Console" library="BuiltIn">
<arg>${MENSAGEM}</arg>
<doc>Logs the given message to the console.</doc>
<status status="PASS" starttime="20210616 16:27:42.548" endtime="20210616 16:27:42.549"/>
</kw>
<status status="PASS" starttime="20210616 16:27:42.544" endtime="20210616 16:27:42.550"/>
</kw>
<status status="PASS" starttime="20210616 16:27:42.543" endtime="20210616 16:27:42.550"/>
</test>
<doc>Meu teste de variáveis</doc>
<status status="PASS" starttime="20210616 16:27:42.532" endtime="20210616 16:27:42.553"/>
</suite>
<status status="PASS" starttime="20210616 16:27:42.492" endtime="20210616 16:27:42.556"/>
</suite>
<statistics>
<total>
<stat pass="1" fail="0" skip="0">All Tests</stat>
</total>
<tag>
</tag>
<suite>
<stat pass="1" fail="0" skip="0" id="s1" name="Variables">Variables</stat>
<stat pass="1" fail="0" skip="0" id="s1-s1" name="Teste Variaveis">Variables.Teste Variaveis</stat>
</suite>
</statistics>
<errors>
</errors>
</robot>
